<?xml version="1.0" encoding="UTF-8"?>
<!-- Generated by org.testng.reporters.JUnitReportReporter -->
<testsuite hostname="Sridhar-PC" name="org.test.SampleSuite" tests="2" failures="0" timestamp="30 Nov 2021 02:59:26 GMT" time="0.038" errors="0">
  <testcase name="tc1" time="0.032" classname="org.test.SampleSuite"/>
  <testcase name="tc2" time="0.006" classname="org.test.SampleSuite"/>
</testsuite> <!-- org.test.SampleSuite -->
