<?xml version="1.0" encoding="UTF-8"?>
<!-- Generated by org.testng.reporters.JUnitReportReporter -->
<testsuite hostname="Sridhar-PC" name="org.test.SampleSuite1" tests="1" failures="0" timestamp="30 Nov 2021 02:59:26 GMT" time="0.006" errors="0">
  <testcase name="tc3" time="0.006" classname="org.test.SampleSuite1"/>
</testsuite> <!-- org.test.SampleSuite1 -->
