<?xml version="1.0" encoding="UTF-8"?>
<!-- Generated by org.testng.reporters.JUnitReportReporter -->
<testsuite hostname="Sridhar-PC" name="org.test.TestNg" tests="2" failures="0" timestamp="29 Nov 2021 03:25:41 GMT" time="9.599" errors="0">
  <testcase name="tc2" time="0.164" classname="org.test.TestNg"/>
  <testcase name="tc1" time="9.435" classname="org.test.TestNg"/>
</testsuite> <!-- org.test.TestNg -->
